<?xml version="1.0" encoding="UTF-8"?>
<testng-results ignored="0" total="3" passed="3" failed="0" skipped="0">
  <reporter-output>
  </reporter-output>
  <suite started-at="2023-12-08T12:38:52Z" name="Default suite" finished-at="2023-12-08T12:39:10Z" duration-ms="18521">
    <groups>
    </groups>
    <test started-at="2023-12-08T12:38:52Z" name="Default test" finished-at="2023-12-08T12:39:10Z" duration-ms="18521">
      <class name="testng.TNG_SCript_003">
        <test-method is-config="true" signature="beforeClass()[pri:0, instance:testng.TNG_SCript_003@3697186]" started-at="2023-12-08T12:38:52Z" name="beforeClass" finished-at="2023-12-08T12:39:09Z" duration-ms="17844" status="PASS">
          <reporter-output>
          </reporter-output>
        </test-method> <!-- beforeClass -->
        <test-method is-config="true" signature="beforeMethod()[pri:0, instance:testng.TNG_SCript_003@3697186]" started-at="2023-12-08T12:39:09Z" name="beforeMethod" finished-at="2023-12-08T12:39:09Z" duration-ms="0" status="PASS">
          <reporter-output>
          </reporter-output>
        </test-method> <!-- beforeMethod -->
        <test-method signature="Verify_Mouse_Hover_001()[pri:0, instance:testng.TNG_SCript_003@3697186]" started-at="2023-12-08T12:39:09Z" name="Verify_Mouse_Hover_001" finished-at="2023-12-08T12:39:10Z" duration-ms="244" status="PASS">
          <reporter-output>
          </reporter-output>
        </test-method> <!-- Verify_Mouse_Hover_001 -->
        <test-method is-config="true" signature="afterMethod()[pri:0, instance:testng.TNG_SCript_003@3697186]" started-at="2023-12-08T12:39:10Z" name="afterMethod" finished-at="2023-12-08T12:39:10Z" duration-ms="0" status="PASS">
          <reporter-output>
          </reporter-output>
        </test-method> <!-- afterMethod -->
        <test-method is-config="true" signature="beforeMethod()[pri:0, instance:testng.TNG_SCript_003@3697186]" started-at="2023-12-08T12:39:10Z" name="beforeMethod" finished-at="2023-12-08T12:39:10Z" duration-ms="0" status="PASS">
          <reporter-output>
          </reporter-output>
        </test-method> <!-- beforeMethod -->
        <test-method signature="Verify_Mouse_Hover_002()[pri:0, instance:testng.TNG_SCript_003@3697186]" started-at="2023-12-08T12:39:10Z" name="Verify_Mouse_Hover_002" finished-at="2023-12-08T12:39:10Z" duration-ms="197" status="PASS">
          <reporter-output>
          </reporter-output>
        </test-method> <!-- Verify_Mouse_Hover_002 -->
        <test-method is-config="true" signature="afterMethod()[pri:0, instance:testng.TNG_SCript_003@3697186]" started-at="2023-12-08T12:39:10Z" name="afterMethod" finished-at="2023-12-08T12:39:10Z" duration-ms="0" status="PASS">
          <reporter-output>
          </reporter-output>
        </test-method> <!-- afterMethod -->
        <test-method is-config="true" signature="beforeMethod()[pri:0, instance:testng.TNG_SCript_003@3697186]" started-at="2023-12-08T12:39:10Z" name="beforeMethod" finished-at="2023-12-08T12:39:10Z" duration-ms="0" status="PASS">
          <reporter-output>
          </reporter-output>
        </test-method> <!-- beforeMethod -->
        <test-method signature="Verify_Mouse_Hover_003()[pri:0, instance:testng.TNG_SCript_003@3697186]" started-at="2023-12-08T12:39:10Z" name="Verify_Mouse_Hover_003" finished-at="2023-12-08T12:39:10Z" duration-ms="183" status="PASS">
          <reporter-output>
          </reporter-output>
        </test-method> <!-- Verify_Mouse_Hover_003 -->
        <test-method is-config="true" signature="afterMethod()[pri:0, instance:testng.TNG_SCript_003@3697186]" started-at="2023-12-08T12:39:10Z" name="afterMethod" finished-at="2023-12-08T12:39:10Z" duration-ms="1" status="PASS">
          <reporter-output>
          </reporter-output>
        </test-method> <!-- afterMethod -->
      </class> <!-- testng.TNG_SCript_003 -->
    </test> <!-- Default test -->
  </suite> <!-- Default suite -->
</testng-results>
