<?xml version="1.0" encoding="UTF-8"?>
<!-- Generated by org.testng.reporters.JUnitXMLReporter -->
<testsuite ignored="0" hostname="LAPTOP-J1D6NOHE" failures="0" tests="3" name="Default test" time="18.521" errors="0" timestamp="08 Dec 2023 12:39:10 GMT">
  <testcase classname="testng.TNG_SCript_003" name="Verify_Mouse_Hover_001" time="0.244"/>
  <testcase classname="testng.TNG_SCript_003" name="Verify_Mouse_Hover_002" time="0.197"/>
  <testcase classname="testng.TNG_SCript_003" name="Verify_Mouse_Hover_003" time="0.183"/>
</testsuite> <!-- Default test -->
